2018-12-19 14:58:18,674 INFO  [Log] **************************************************************************************** 
2018-12-19 14:58:18,675 INFO  [Log] **************************************************************************************** 
2018-12-19 14:58:18,675 INFO  [Log] $$$$$$$$$$$$$$$$$$$$$                 tc_shoppingCartTesting       $$$$$$$$$$$$$$$$$$$$$$$$$ 
2018-12-19 14:58:18,675 INFO  [Log] **************************************************************************************** 
2018-12-19 14:58:18,675 INFO  [Log] **************************************************************************************** 
2018-12-19 14:58:25,811 INFO  [Log] Opening Browser: chrome 
2018-12-19 14:58:26,011 INFO  [Log] Searching for Item: IPhone 
2018-12-19 14:58:27,625 INFO  [Log] Qty added to cart: 2 
2018-12-19 14:58:28,966 INFO  [Log] customerName: Adam 
2018-12-19 14:58:29,373 INFO  [Log] customerCity: MIAMI BEACH 
2018-12-19 14:58:29,509 INFO  [Log] customerState: FL 
2018-12-19 14:58:32,293 INFO  [Log] orderConfirmation: Thank you for ordering with us! 
2018-12-19 14:58:33,028 INFO  [Log] XXXXXXXXXXXXXXXXXXXXXXX             -E---N---D-             XXXXXXXXXXXXXXXXXXXXXX 
2018-12-19 14:58:33,028 INFO  [Log]   
2018-12-19 14:58:33,028 INFO  [Log]   
2018-12-19 14:58:33,028 INFO  [Log]   
2018-12-19 14:58:33,028 INFO  [Log] ----------------------- 
2018-12-19 14:58:33,564 INFO  [Log] **************************************************************************************** 
2018-12-19 14:58:33,565 INFO  [Log] **************************************************************************************** 
2018-12-19 14:58:33,565 INFO  [Log] $$$$$$$$$$$$$$$$$$$$$                 tc_shoppingCartTesting       $$$$$$$$$$$$$$$$$$$$$$$$$ 
2018-12-19 14:58:33,565 INFO  [Log] **************************************************************************************** 
2018-12-19 14:58:33,565 INFO  [Log] **************************************************************************************** 
2018-12-19 14:58:39,296 INFO  [Log] Opening Browser: chrome 
2018-12-19 14:58:39,439 INFO  [Log] Searching for Item: TV 
2018-12-19 14:58:40,654 INFO  [Log] Qty added to cart: 3 
2018-12-19 14:58:41,843 INFO  [Log] customerName: Brett 
2018-12-19 14:58:42,159 INFO  [Log] customerCity: MANHATTAN 
2018-12-19 14:58:42,270 INFO  [Log] customerState: NY 
2018-12-19 14:58:44,606 INFO  [Log] orderConfirmation: Thank you for ordering with us! 
2018-12-19 14:58:45,348 INFO  [Log] XXXXXXXXXXXXXXXXXXXXXXX             -E---N---D-             XXXXXXXXXXXXXXXXXXXXXX 
2018-12-19 14:58:45,348 INFO  [Log]   
2018-12-19 14:58:45,348 INFO  [Log]   
2018-12-19 14:58:45,348 INFO  [Log]   
2018-12-19 14:58:45,348 INFO  [Log] ----------------------- 
2018-12-19 14:58:45,507 INFO  [Log] **************************************************************************************** 
2018-12-19 14:58:45,508 INFO  [Log] **************************************************************************************** 
2018-12-19 14:58:45,508 INFO  [Log] $$$$$$$$$$$$$$$$$$$$$                 tc_shoppingCartTesting       $$$$$$$$$$$$$$$$$$$$$$$$$ 
2018-12-19 14:58:45,508 INFO  [Log] **************************************************************************************** 
2018-12-19 14:58:45,508 INFO  [Log] **************************************************************************************** 
2018-12-19 14:58:48,183 INFO  [Log] Opening Browser: IE 
2018-12-19 14:58:48,932 INFO  [Log] Searching for Item: Canon 
2018-12-19 14:58:51,740 INFO  [Log] Qty added to cart: 4 
2018-12-19 14:58:54,147 INFO  [Log] customerName: Christene 
2018-12-19 14:58:55,477 INFO  [Log] customerCity: ALPHARETTA 
2018-12-19 14:58:56,121 INFO  [Log] customerState: GA 
2018-12-19 14:59:04,684 INFO  [Log] orderConfirmation: Thank you for ordering with us! 
2018-12-19 14:59:05,213 INFO  [Log] XXXXXXXXXXXXXXXXXXXXXXX             -E---N---D-             XXXXXXXXXXXXXXXXXXXXXX 
2018-12-19 14:59:05,213 INFO  [Log]   
2018-12-19 14:59:05,213 INFO  [Log]   
2018-12-19 14:59:05,213 INFO  [Log]   
2018-12-19 14:59:05,213 INFO  [Log] ----------------------- 
2018-12-19 14:59:05,393 INFO  [Log] **************************************************************************************** 
2018-12-19 14:59:05,393 INFO  [Log] **************************************************************************************** 
2018-12-19 14:59:05,394 INFO  [Log] $$$$$$$$$$$$$$$$$$$$$                 tc_shoppingCartTesting       $$$$$$$$$$$$$$$$$$$$$$$$$ 
2018-12-19 14:59:05,394 INFO  [Log] **************************************************************************************** 
2018-12-19 14:59:05,394 INFO  [Log] **************************************************************************************** 
2018-12-19 14:59:08,734 INFO  [Log] Opening Browser: IE 
2018-12-19 14:59:09,468 INFO  [Log] Searching for Item: Echo 
2018-12-19 14:59:11,938 INFO  [Log] Qty added to cart: 5 
2018-12-19 14:59:14,645 INFO  [Log] customerName: David 
2018-12-19 14:59:15,967 INFO  [Log] customerCity: BOSTON 
2018-12-19 14:59:16,631 INFO  [Log] customerState: MA 
2018-12-19 14:59:25,260 INFO  [Log] orderConfirmation: Thank you for ordering with us! 
2018-12-19 14:59:25,787 INFO  [Log] XXXXXXXXXXXXXXXXXXXXXXX             -E---N---D-             XXXXXXXXXXXXXXXXXXXXXX 
2018-12-19 14:59:25,787 INFO  [Log]   
2018-12-19 14:59:25,787 INFO  [Log]   
2018-12-19 14:59:25,787 INFO  [Log]   
2018-12-19 14:59:25,787 INFO  [Log] ----------------------- 
